<?xml version="1.0" encoding="UTF-8"?>
<!-- Generated by org.testng.reporters.JUnitReportReporter -->
<testsuite skipped="0" hostname="DSHYD-103" name="Set_Red_Colour.NewTest" tests="25" failures="0" timestamp="25 Jun 2018 11:05:39 GMT" time="332.792" errors="0">
  <testcase name="sagicor" time="9.118" classname="Set_Red_Colour.NewTest"/>
  <testcase name="sagicor" time="10.794" classname="Set_Red_Colour.NewTest"/>
  <testcase name="sagicor" time="10.017" classname="Set_Red_Colour.NewTest"/>
  <testcase name="sagicor" time="12.873" classname="Set_Red_Colour.NewTest"/>
  <testcase name="sagicor" time="14.716" classname="Set_Red_Colour.NewTest"/>
  <testcase name="sagicor" time="9.180" classname="Set_Red_Colour.NewTest"/>
  <testcase name="sagicor" time="10.722" classname="Set_Red_Colour.NewTest"/>
  <testcase name="sagicor" time="10.946" classname="Set_Red_Colour.NewTest"/>
  <testcase name="sagicor" time="14.844" classname="Set_Red_Colour.NewTest"/>
  <testcase name="sagicor" time="10.753" classname="Set_Red_Colour.NewTest"/>
  <testcase name="sagicor" time="12.926" classname="Set_Red_Colour.NewTest"/>
  <testcase name="sagicor" time="12.804" classname="Set_Red_Colour.NewTest"/>
  <testcase name="sagicor" time="38.345" classname="Set_Red_Colour.NewTest"/>
  <testcase name="sagicor" time="10.240" classname="Set_Red_Colour.NewTest"/>
  <testcase name="sagicor" time="9.136" classname="Set_Red_Colour.NewTest"/>
  <testcase name="sagicor" time="7.464" classname="Set_Red_Colour.NewTest"/>
  <testcase name="sagicor" time="12.279" classname="Set_Red_Colour.NewTest"/>
  <testcase name="sagicor" time="13.081" classname="Set_Red_Colour.NewTest"/>
  <testcase name="sagicor" time="13.611" classname="Set_Red_Colour.NewTest"/>
  <testcase name="sagicor" time="12.604" classname="Set_Red_Colour.NewTest"/>
  <testcase name="sagicor" time="19.110" classname="Set_Red_Colour.NewTest"/>
  <testcase name="sagicor" time="17.951" classname="Set_Red_Colour.NewTest"/>
  <testcase name="sagicor" time="13.064" classname="Set_Red_Colour.NewTest"/>
  <testcase name="sagicor" time="10.786" classname="Set_Red_Colour.NewTest"/>
  <testcase name="sagicor" time="15.428" classname="Set_Red_Colour.NewTest"/>
</testsuite> <!-- Set_Red_Colour.NewTest -->
